<?xml version="1.0" encoding="UTF-8"?>
<!-- Generated by org.testng.reporters.JUnitXMLReporter -->
<testsuite ignored="2" hostname="Hichams-MacBook-Pro.local" failures="0" tests="3" name="Default test" time="174.969" errors="0" timestamp="2024-02-20T12:37:45 CST">
  <testcase classname="Tests.Facebook_LogIn_Test" name="Tc_LogIn_1" time="6.993"/>
  <testcase classname="Tests.Facebook_LogIn_Test" name="Tc_LogIn_1" time="6.526"/>
  <testcase classname="Tests.Facebook_LogIn_Test" name="Tc_LogIn_1" time="7.927"/>
  <testcase classname="Tests.Facebook_LogIn_Test" name="Tc_Negative_logIn" time="0.0">
    <ignored/>
  </testcase> <!-- Tc_Negative_logIn -->
  <testcase classname="Tests.Facebook_LogIn_Test" name="Tc_LogIn" time="0.0">
    <ignored/>
  </testcase> <!-- Tc_LogIn -->
</testsuite> <!-- Default test -->
