<?xml version="1.0" encoding="UTF-8"?>
<testng-results ignored="0" total="3" passed="3" failed="0" skipped="0">
  <reporter-output>
  </reporter-output>
  <suite started-at="2024-02-20T12:34:50 CST" name="Default suite" finished-at="2024-02-20T12:37:45 CST" duration-ms="174969">
    <groups>
      <group name="Regression">
        <method signature="Facebook_LogIn_Test.Tc_LogIn_1(java.lang.String,java.lang.String)[pri:0, instance:Tests.Facebook_LogIn_Test@49049a04]" name="Tc_LogIn_1" class="Tests.Facebook_LogIn_Test"/>
      </group> <!-- Regression -->
      <group name="Smoke">
        <method signature="Facebook_LogIn_Test.Tc_LogIn_1(java.lang.String,java.lang.String)[pri:0, instance:Tests.Facebook_LogIn_Test@49049a04]" name="Tc_LogIn_1" class="Tests.Facebook_LogIn_Test"/>
      </group> <!-- Smoke -->
    </groups>
    <test started-at="2024-02-20T12:34:50 CST" name="Default test" finished-at="2024-02-20T12:37:45 CST" duration-ms="174969">
      <class name="Tests.Facebook_LogIn_Test">
        <test-method is-config="true" signature="setup()[pri:0, instance:Tests.Facebook_LogIn_Test@49049a04]" started-at="2024-02-20T12:34:50 CST" name="setup" finished-at="2024-02-20T12:35:10 CST" duration-ms="19966" status="PASS">
          <reporter-output>
          </reporter-output>
        </test-method> <!-- setup -->
        <test-method signature="Tc_LogIn_1(java.lang.String,java.lang.String)[pri:0, instance:Tests.Facebook_LogIn_Test@49049a04]" started-at="2024-02-20T12:35:10 CST" name="Tc_LogIn_1" data-provider="LoginData" finished-at="2024-02-20T12:35:17 CST" duration-ms="6993" status="PASS">
          <params>
            <param index="0">
              <value>
                <![CDATA[username]]>
              </value>
            </param>
            <param index="1">
              <value>
                <![CDATA[password]]>
              </value>
            </param>
          </params>
          <reporter-output>
          </reporter-output>
        </test-method> <!-- Tc_LogIn_1 -->
        <test-method is-config="true" signature="tearDown(org.testng.ITestResult)[pri:0, instance:Tests.Facebook_LogIn_Test@49049a04]" started-at="2024-02-20T12:35:17 CST" name="tearDown" finished-at="2024-02-20T12:35:52 CST" duration-ms="35653" status="PASS">
          <params>
            <param index="0">
              <value>
                <![CDATA[[TestResult name=Tc_LogIn_1 status=SUCCESS method=Facebook_LogIn_Test.Tc_LogIn_1(java.lang.String,java.lang.String)[pri:0, instance:Tests.Facebook_LogIn_Test@49049a04] output={null}]]]>
              </value>
            </param>
          </params>
          <reporter-output>
          </reporter-output>
        </test-method> <!-- tearDown -->
        <test-method is-config="true" signature="setup()[pri:0, instance:Tests.Facebook_LogIn_Test@49049a04]" started-at="2024-02-20T12:35:52 CST" name="setup" finished-at="2024-02-20T12:36:09 CST" duration-ms="16605" status="PASS">
          <reporter-output>
          </reporter-output>
        </test-method> <!-- setup -->
        <test-method signature="Tc_LogIn_1(java.lang.String,java.lang.String)[pri:0, instance:Tests.Facebook_LogIn_Test@49049a04]" started-at="2024-02-20T12:36:09 CST" name="Tc_LogIn_1" data-provider="LoginData" finished-at="2024-02-20T12:36:16 CST" duration-ms="6526" status="PASS">
          <params>
            <param index="0">
              <value>
                <![CDATA[username]]>
              </value>
            </param>
            <param index="1">
              <value>
                <![CDATA[password]]>
              </value>
            </param>
          </params>
          <reporter-output>
          </reporter-output>
        </test-method> <!-- Tc_LogIn_1 -->
        <test-method is-config="true" signature="tearDown(org.testng.ITestResult)[pri:0, instance:Tests.Facebook_LogIn_Test@49049a04]" started-at="2024-02-20T12:36:16 CST" name="tearDown" finished-at="2024-02-20T12:36:51 CST" duration-ms="35396" status="PASS">
          <params>
            <param index="0">
              <value>
                <![CDATA[[TestResult name=Tc_LogIn_1 status=SUCCESS method=Facebook_LogIn_Test.Tc_LogIn_1(java.lang.String,java.lang.String)[pri:0, instance:Tests.Facebook_LogIn_Test@49049a04] output={null}]]]>
              </value>
            </param>
          </params>
          <reporter-output>
          </reporter-output>
        </test-method> <!-- tearDown -->
        <test-method is-config="true" signature="setup()[pri:0, instance:Tests.Facebook_LogIn_Test@49049a04]" started-at="2024-02-20T12:36:51 CST" name="setup" finished-at="2024-02-20T12:37:05 CST" duration-ms="13860" status="PASS">
          <reporter-output>
          </reporter-output>
        </test-method> <!-- setup -->
        <test-method signature="Tc_LogIn_1(java.lang.String,java.lang.String)[pri:0, instance:Tests.Facebook_LogIn_Test@49049a04]" started-at="2024-02-20T12:37:05 CST" name="Tc_LogIn_1" data-provider="LoginData" finished-at="2024-02-20T12:37:13 CST" duration-ms="7927" status="PASS">
          <params>
            <param index="0">
              <value>
                <![CDATA[username]]>
              </value>
            </param>
            <param index="1">
              <value>
                <![CDATA[password]]>
              </value>
            </param>
          </params>
          <reporter-output>
          </reporter-output>
        </test-method> <!-- Tc_LogIn_1 -->
        <test-method is-config="true" signature="tearDown(org.testng.ITestResult)[pri:0, instance:Tests.Facebook_LogIn_Test@49049a04]" started-at="2024-02-20T12:37:13 CST" name="tearDown" finished-at="2024-02-20T12:37:45 CST" duration-ms="31924" status="PASS">
          <params>
            <param index="0">
              <value>
                <![CDATA[[TestResult name=Tc_LogIn_1 status=SUCCESS method=Facebook_LogIn_Test.Tc_LogIn_1(java.lang.String,java.lang.String)[pri:0, instance:Tests.Facebook_LogIn_Test@49049a04] output={null}]]]>
              </value>
            </param>
          </params>
          <reporter-output>
          </reporter-output>
        </test-method> <!-- tearDown -->
      </class> <!-- Tests.Facebook_LogIn_Test -->
    </test> <!-- Default test -->
  </suite> <!-- Default suite -->
</testng-results>
